20190522 13:43:56;abonnement;mwage;UPDQUERY INSERT-query: INSERT INTO abonnement (soortabonnement, bedrag)
			VALUES ('jaar',
					'121')
20190522 13:45:17;abonnementen;mwage;BTNSAVE Op save gedrukt om gewijzigd record op te slaan
20190522 13:45:17;abonnement;mwage;UPDATE abonnement 1 is succesvol ge-update
20190522 13:45:24;abonnementen;mwage;BTNSAVE Op save gedrukt om gewijzigd record op te slaan
20190522 13:45:24;abonnement;mwage;UPDATE abonnement 1 is succesvol ge-update
20190522 13:50:00;index;mwage;Query: SELECT * FROM leden WHERE geenContributie = '0' AND uitschrijfdatum IS NULL ORDER BY achternaam;
20190522 13:50:30;logout;mwage;User is succesvol uitgelogd
20190523 05:05:37;login;mwage;User mwage is succesvol ingelogd.
20190523 05:06:30;index;mwage;Query: SELECT * FROM leden WHERE geenContributie = '0' AND uitschrijfdatum IS NULL ORDER BY achternaam;
20190523 05:06:36;index;mwage;Query: SELECT * FROM leden WHERE geenContributie = '0' AND uitschrijfdatum IS NOT NULL ORDER BY achternaam;
20190523 05:10:35;index;mwage;Query: SELECT * FROM leden WHERE geenContributie = '0' AND uitschrijfdatum IS NULL ORDER BY achternaam;
20190523 05:20:06;index;mwage;Query: SELECT * FROM leden WHERE geenContributie = '1' ORDER BY achternaam;
20190523 05:20:12;index;mwage;Query: SELECT * FROM leden WHERE sleutel = '1' ORDER BY achternaam;
20190523 05:20:15;index;mwage;Query: SELECT * FROM leden WHERE geenContributie = '1' ORDER BY achternaam;
20190523 05:20:20;leden;mwage;Waarde van uitschrijfdatum : **
20190523 05:20:20;leden;mwage;UPDQUERY UPDATE-query: UPDATE leden SET 
	        voornaam = 'Mark',
		    tussenvoegsel = '',
		    achternaam = 'Wage',
            adres = 'Christinalaan 36',
            postcode = '4112 KW',
            woonplaats = 'Beusichem',
            telefoonnummer = '0613017783',
            emailadres = 'mark.wage@hotmail.com',
            abonnementID = Abonnement onbekend,inschrijfdatum = NULL,uitschrijfdatum = NULL,geencontributie = '1', sleutel = '1' WHERE ID = 1
20190523 05:20:20;index;mwage;Query: SELECT * FROM leden WHERE geenContributie = '0' AND uitschrijfdatum IS NULL ORDER BY achternaam;
20190523 05:20:22;index;mwage;Query: SELECT * FROM leden WHERE sleutel = '1' ORDER BY achternaam;
20190523 05:20:27;index;mwage;Query: SELECT * FROM leden WHERE geenContributie = '1' ORDER BY achternaam;
20190523 05:22:53;leden;mwage;Waarde van uitschrijfdatum : **
20190523 05:22:53;leden;mwage;UPDQUERY UPDATE-query: UPDATE leden SET 
	        voornaam = 'Mark',
		    tussenvoegsel = '',
		    achternaam = 'Wage',
            adres = 'Christinalaan 36',
            postcode = '4112 KW',
            woonplaats = 'Beusichem',
            telefoonnummer = '0613017783',
            emailadres = 'mark.wage@hotmail.com',
            abonnementID = 1,inschrijfdatum = NULL,uitschrijfdatum = NULL,geencontributie = '1', sleutel = '1' WHERE ID = 1
20190523 05:22:53;index;mwage;Query: SELECT * FROM leden WHERE geenContributie = '0' AND uitschrijfdatum IS NULL ORDER BY achternaam;
20190523 05:23:00;index;mwage;Query: SELECT * FROM leden WHERE sleutel = '1' ORDER BY achternaam;
20190523 12:49:06;index;mwage;Query: SELECT * FROM leden WHERE geenContributie = '0' AND uitschrijfdatum IS NULL ORDER BY achternaam;
20190523 19:27:58;login;mwage;User mwage is succesvol ingelogd.
20190523 19:28:39;index;mwage;Query: SELECT * FROM leden WHERE geenContributie = '0' AND uitschrijfdatum IS NULL ORDER BY achternaam;
20190523 19:42:26;index;mwage;Query: SELECT * FROM leden WHERE sleutel = '1' ORDER BY achternaam;
20190523 19:42:30;index;mwage;Query: SELECT * FROM leden WHERE geenContributie = '0' AND uitschrijfdatum IS NULL ORDER BY achternaam;
20190523 20:30:30;index;mwage;Query: SELECT * FROM leden WHERE geenContributie = '1' ORDER BY achternaam;
20190523 20:30:45;leden;mwage;Waarde van uitschrijfdatum : **
20190523 20:30:45;leden;mwage;UPDQUERY UPDATE-query: UPDATE leden SET 
	        voornaam = 'Mark',
		    tussenvoegsel = '',
		    achternaam = 'Wage',
            adres = 'Christinalaan 36',
            postcode = '4112 KW',
            woonplaats = 'Beusichem',
            telefoonnummer = '0613017783',
            emailadres = 'mark.wage@hotmail.com',
            abonnementID = 1,inschrijfdatum = '2019-05-01',uitschrijfdatum = NULL,geencontributie = '1', sleutel = '1' WHERE ID = 1
20190523 20:30:45;index;mwage;Query: SELECT * FROM leden WHERE geenContributie = '0' AND uitschrijfdatum IS NULL ORDER BY achternaam;
20190523 20:32:54;index;mwage;Query: SELECT * FROM leden WHERE geenContributie = '1' ORDER BY achternaam;
20190523 20:33:04;leden;mwage;Waarde van uitschrijfdatum : **
20190523 20:33:04;leden;mwage;UPDQUERY UPDATE-query: UPDATE leden SET 
	        voornaam = 'Mark',
		    tussenvoegsel = '',
		    achternaam = 'Wage',
            adres = 'Christinalaan 36',
            postcode = '4112 KW',
            woonplaats = 'Beusichem',
            telefoonnummer = '0613017783',
            emailadres = 'mark.wage@hotmail.com',
            abonnementID = 1,inschrijfdatum = '2019-05-01',uitschrijfdatum = NULL,geencontributie = '1', sleutel = '0' WHERE ID = 1
20190523 20:33:04;index;mwage;Query: SELECT * FROM leden WHERE geenContributie = '0' AND uitschrijfdatum IS NULL ORDER BY achternaam;
20190523 20:33:39;index;mwage;Query: SELECT * FROM leden WHERE geenContributie = '1' ORDER BY achternaam;
20190523 20:33:49;leden;mwage;Waarde van uitschrijfdatum : **
20190523 20:33:49;leden;mwage;UPDQUERY UPDATE-query: UPDATE leden SET 
	        voornaam = 'Mark',
		    tussenvoegsel = '',
		    achternaam = 'Wage',
            adres = 'Christinalaan 36',
            postcode = '4112 KW',
            woonplaats = 'Beusichem',
            telefoonnummer = '0613017783',
            emailadres = 'mark.wage@hotmail.com',
            abonnementID = 1,inschrijfdatum = '2019-05-01',uitschrijfdatum = NULL,geencontributie = '0', sleutel = '0' WHERE ID = 1
20190523 20:33:49;index;mwage;Query: SELECT * FROM leden WHERE geenContributie = '0' AND uitschrijfdatum IS NULL ORDER BY achternaam;
20190523 20:34:00;index;mwage;Query: SELECT * FROM leden WHERE geenContributie = '0' AND uitschrijfdatum IS NULL ORDER BY achternaam;
20190523 20:34:03;index;mwage;Query: SELECT * FROM leden WHERE geenContributie = '0' AND uitschrijfdatum IS NULL ORDER BY achternaam;
20190523 20:34:10;index;mwage;Query: SELECT * FROM leden WHERE geenContributie = '0' AND uitschrijfdatum IS NULL ORDER BY achternaam;
20190523 20:34:16;index;mwage;Query: SELECT * FROM leden WHERE geenContributie = '0' AND uitschrijfdatum IS NULL ORDER BY achternaam;
20190523 20:34:17;index;mwage;Query: SELECT * FROM leden WHERE geenContributie = '0' AND uitschrijfdatum IS NOT NULL ORDER BY achternaam;
20190523 20:34:25;index;mwage;Query: SELECT * FROM leden WHERE geenContributie = '0' AND uitschrijfdatum IS NULL ORDER BY achternaam;
20190524 11:25:18;login;mwage;User mwage is succesvol ingelogd.
20190524 11:25:23;index;mwage;Query: SELECT * FROM leden WHERE geenContributie = '0' AND uitschrijfdatum IS NULL ORDER BY achternaam;
20190524 11:26:01;index;mwage;Query: SELECT * FROM leden WHERE geenContributie = '0' AND uitschrijfdatum IS NOT NULL ORDER BY achternaam;
20190524 11:26:03;index;mwage;Query: SELECT * FROM leden WHERE geenContributie = '0' AND uitschrijfdatum IS NULL ORDER BY achternaam;
20190524 15:39:01;index;mwage;Query: SELECT * FROM leden WHERE geenContributie = '0' AND uitschrijfdatum IS NULL ORDER BY achternaam;
20190524 15:41:37;index;mwage;Query: SELECT * FROM leden WHERE geenContributie = '0' AND uitschrijfdatum IS NULL ORDER BY achternaam;
20190524 15:43:18;betaalperiode;mwage;BTNSAVE Op save gedrukt om gewijzigd record op te slaan
20190524 15:43:18;betaalperiode;mwage;UPDATE betaalperiode 1 is succesvol ge-update
20190524 15:43:26;betaalperiode;mwage;BTNSAVE Op save gedrukt om gewijzigd record op te slaan
20190524 15:43:26;betaalperiode;mwage;UPDQUERY INSERT-query: INSERT INTO betaalperiode (soortabonnement)
			VALUES ('201905')
20190524 15:44:10;betaalperiode;mwage;BTNSAVE Op save gedrukt om gewijzigd record op te slaan
20190524 15:44:10;betaalperiode;mwage;UPDQUERY INSERT-query: INSERT INTO betaalperiode (betaalperiode)
			VALUES ('201905')
20190603 06:25:22;login;mwage;User mwage is succesvol ingelogd.
20190603 06:25:29;index;mwage;Query: SELECT * FROM leden WHERE geenContributie = '0' AND uitschrijfdatum IS NULL ORDER BY achternaam;
20190603 06:25:58;index;mwage;Query: SELECT * FROM leden WHERE geenContributie = '1' ORDER BY achternaam;
20190603 06:26:00;index;mwage;Query: SELECT * FROM leden WHERE sleutel = '1' ORDER BY achternaam;
20190603 12:00:18;index;mwage;Query: SELECT * FROM leden WHERE geenContributie = '0' AND uitschrijfdatum IS NULL ORDER BY achternaam;
20190603 12:00:31;index;mwage;Query: SELECT * FROM leden WHERE geenContributie = '0' AND uitschrijfdatum IS NULL ORDER BY achternaam;
20190603 19:54:06;login;mwage;User mwage is succesvol ingelogd.
20190603 19:54:11;index;mwage;Query: SELECT * FROM leden WHERE geenContributie = '0' AND uitschrijfdatum IS NULL ORDER BY achternaam;
20190603 19:54:26;index;mwage;Query: SELECT * FROM leden WHERE geenContributie = '0' AND uitschrijfdatum IS NOT NULL ORDER BY achternaam;
20190603 20:08:15;index;mwage;Query: SELECT * FROM leden WHERE geenContributie = '0' AND uitschrijfdatum IS NULL ORDER BY achternaam;
20190603 20:08:18;index;mwage;Query: SELECT * FROM leden WHERE geenContributie = '0' AND uitschrijfdatum IS NULL ORDER BY achternaam;
20190603 20:08:25;betaalperiode;mwage;BTNSAVE Op save gedrukt om gewijzigd record op te slaan
20190603 20:08:25;betaalperiode;mwage;CHECK1A Betaalperiode is niet ingevuld
20190603 20:09:23;index;mwage;Query: SELECT * FROM leden WHERE geenContributie = '0' AND uitschrijfdatum IS NULL ORDER BY achternaam;
20190603 20:09:32;betaalperiode;mwage;BTNSAVE Op save gedrukt om gewijzigd record op te slaan
20190603 20:09:32;betaalperiode;mwage;CHECK1A Betaalperiode is niet ingevuld
20190605 11:11:27;login;mwage;User mwage is succesvol ingelogd.
20190605 11:11:42;betaalperiode;mwage;BTNSAVE Op save gedrukt om gewijzigd record op te slaan
20190605 11:11:42;betaalperiode;mwage;UPDQUERY INSERT-query: INSERT INTO betaalperiode (betaalperiode)
			VALUES ('201906')
20190605 11:11:42;betaalperiode;mwage;Lidnr die toegevoegd zou worden aan betalingen: INSERT INTO betaalperiode (betaalperiode)
			VALUES ('201906')
20190605 11:11:42;betaalperiode;mwage;Lidnr die toegevoegd zou worden aan betalingen: INSERT INTO betaalperiode (betaalperiode)
			VALUES ('201906')
20190605 11:11:42;betaalperiode;mwage;Lidnr die toegevoegd zou worden aan betalingen: INSERT INTO betaalperiode (betaalperiode)
			VALUES ('201906')
20190605 11:12:55;betaalperiode;mwage;BTNSAVE Op save gedrukt om gewijzigd record op te slaan
20190605 11:12:55;betaalperiode;mwage;UPDQUERY INSERT-query: INSERT INTO betaalperiode (betaalperiode)
			VALUES ('201906')
20190605 11:12:55;betaalperiode;mwage;Lidnr die toegevoegd zou worden aan betalingen: 1
20190605 11:12:55;betaalperiode;mwage;Lidnr die toegevoegd zou worden aan betalingen: 2
20190605 11:12:55;betaalperiode;mwage;Lidnr die toegevoegd zou worden aan betalingen: 3
20190605 11:19:21;index;mwage;Query: SELECT * FROM leden WHERE geenContributie = '0' AND uitschrijfdatum IS NULL ORDER BY achternaam;
20190605 11:19:32;leden;mwage;Waarde van uitschrijfdatum : **
20190605 11:19:32;leden;mwage;UPDQUERY UPDATE-query: UPDATE leden SET 
	        voornaam = 'Manouk',
		    tussenvoegsel = '',
		    achternaam = 'Bentvelsen',
            adres = 'van Utenhoveweg 26',
            postcode = '4191 MA',
            woonplaats = 'Geldermalsen',
            telefoonnummer = '0614761447',
            emailadres = 'bentvelsenmanouk@gmail.com',
            abonnementID = 2,inschrijfdatum = '2019-03-25',uitschrijfdatum = NULL,geencontributie = '0', sleutel = '0' WHERE ID = 7
20190605 11:19:32;index;mwage;Query: SELECT * FROM leden WHERE geenContributie = '0' AND uitschrijfdatum IS NULL ORDER BY achternaam;
20190605 11:19:48;betaalperiode;mwage;BTNSAVE Op save gedrukt om gewijzigd record op te slaan
20190605 11:19:48;betaalperiode;mwage;UPDQUERY INSERT-query: INSERT INTO betaalperiode (betaalperiode)
			VALUES ('201906')
20190605 11:19:48;betaalperiode;mwage;Lidnr die toegevoegd zou worden aan betalingen: 1
20190605 11:19:48;betaalperiode;mwage;Lidnr die toegevoegd zou worden aan betalingen: 2
20190605 11:19:48;betaalperiode;mwage;Lidnr die toegevoegd zou worden aan betalingen: 3
20190605 11:19:48;betaalperiode;mwage;Lidnr die toegevoegd zou worden aan betalingen: 7
20190605 11:20:13;index;mwage;Query: SELECT * FROM leden WHERE geenContributie = '0' AND uitschrijfdatum IS NULL ORDER BY achternaam;
20190605 11:20:17;index;mwage;Query: SELECT * FROM leden WHERE geenContributie = '0' AND uitschrijfdatum IS NOT NULL ORDER BY achternaam;
20190605 11:20:26;leden;mwage;Waarde van uitschrijfdatum : *2018-08-20*
20190605 11:20:26;leden;mwage;UPDQUERY UPDATE-query: UPDATE leden SET 
	        voornaam = 'Thomas',
		    tussenvoegsel = 'van',
		    achternaam = 'Son',
            adres = 'Heinsiusstraat 23',
            postcode = '4105 DV',
            woonplaats = 'Culemborg',
            telefoonnummer = '0615505235',
            emailadres = 'thomasvanson@hotmail.nl',
            abonnementID = 1,inschrijfdatum = '2018-07-07',uitschrijfdatum = '2018-08-20',geencontributie = '0', sleutel = '0' WHERE ID = 9
20190605 11:20:26;index;mwage;Query: SELECT * FROM leden WHERE geenContributie = '0' AND uitschrijfdatum IS NULL ORDER BY achternaam;
20190605 11:20:29;index;mwage;Query: SELECT * FROM leden WHERE geenContributie = '0' AND uitschrijfdatum IS NOT NULL ORDER BY achternaam;
20190605 11:20:54;betaalperiode;mwage;BTNSAVE Op save gedrukt om gewijzigd record op te slaan
20190605 11:20:54;betaalperiode;mwage;UPDQUERY INSERT-query: INSERT INTO betaalperiode (betaalperiode)
			VALUES ('201906')
20190605 11:20:54;betaalperiode;mwage;Lidnr die toegevoegd zou worden aan betalingen: 1
20190605 11:20:54;betaalperiode;mwage;Lidnr die toegevoegd zou worden aan betalingen: 2
20190605 11:20:54;betaalperiode;mwage;Lidnr die toegevoegd zou worden aan betalingen: 3
20190605 11:20:54;betaalperiode;mwage;Lidnr die toegevoegd zou worden aan betalingen: 7
20190605 11:22:07;index;mwage;Query: SELECT * FROM leden WHERE geenContributie = '0' AND uitschrijfdatum IS NOT NULL ORDER BY achternaam;
20190605 11:22:16;leden;mwage;Waarde van uitschrijfdatum : *2018-08-20*
20190605 11:22:16;leden;mwage;UPDQUERY UPDATE-query: UPDATE leden SET 
	        voornaam = 'Thomas',
		    tussenvoegsel = 'van',
		    achternaam = 'Son',
            adres = 'Heinsiusstraat 23',
            postcode = '4105 DV',
            woonplaats = 'Culemborg',
            telefoonnummer = '0615505235',
            emailadres = 'thomasvanson@hotmail.nl',
            abonnementID = 1,inschrijfdatum = NULL,uitschrijfdatum = '2018-08-20',geencontributie = '0', sleutel = '0' WHERE ID = 9
20190605 11:22:16;index;mwage;Query: SELECT * FROM leden WHERE geenContributie = '0' AND uitschrijfdatum IS NULL ORDER BY achternaam;
20190605 11:22:20;index;mwage;Query: SELECT * FROM leden WHERE geenContributie = '0' AND uitschrijfdatum IS NOT NULL ORDER BY achternaam;
20190605 11:22:42;leden;mwage;Waarde van uitschrijfdatum : *2018-08-20*
20190605 11:22:42;leden;mwage;UPDQUERY UPDATE-query: UPDATE leden SET 
	        voornaam = 'Thomas',
		    tussenvoegsel = 'van',
		    achternaam = 'Son',
            adres = 'Heinsiusstraat 23',
            postcode = '4105 DV',
            woonplaats = 'Culemborg',
            telefoonnummer = '0615505235',
            emailadres = 'thomasvanson@hotmail.nl',
            abonnementID = 1,inschrijfdatum = '2018-08-01',uitschrijfdatum = '2018-08-20',geencontributie = '0', sleutel = '0' WHERE ID = 9
20190605 11:22:42;index;mwage;Query: SELECT * FROM leden WHERE geenContributie = '0' AND uitschrijfdatum IS NULL ORDER BY achternaam;
20190605 11:22:44;index;mwage;Query: SELECT * FROM leden WHERE geenContributie = '0' AND uitschrijfdatum IS NOT NULL ORDER BY achternaam;
20190605 11:22:51;leden;mwage;Waarde van uitschrijfdatum : **
20190605 11:22:51;leden;mwage;UPDQUERY UPDATE-query: UPDATE leden SET 
	        voornaam = 'Thomas',
		    tussenvoegsel = 'van',
		    achternaam = 'Son',
            adres = 'Heinsiusstraat 23',
            postcode = '4105 DV',
            woonplaats = 'Culemborg',
            telefoonnummer = '0615505235',
            emailadres = 'thomasvanson@hotmail.nl',
            abonnementID = 1,inschrijfdatum = '2018-08-01',uitschrijfdatum = NULL,geencontributie = '0', sleutel = '0' WHERE ID = 9
20190605 11:22:51;index;mwage;Query: SELECT * FROM leden WHERE geenContributie = '0' AND uitschrijfdatum IS NULL ORDER BY achternaam;
20190605 11:23:01;index;mwage;Query: SELECT * FROM leden WHERE geenContributie = '0' AND uitschrijfdatum IS NULL ORDER BY achternaam;
20190605 11:23:10;betaalperiode;mwage;BTNSAVE Op save gedrukt om gewijzigd record op te slaan
20190605 11:23:10;betaalperiode;mwage;UPDQUERY INSERT-query: INSERT INTO betaalperiode (betaalperiode)
			VALUES ('201906')
20190605 11:23:10;betaalperiode;mwage;Lidnr die toegevoegd zou worden aan betalingen: 1
20190605 11:23:10;betaalperiode;mwage;Lidnr die toegevoegd zou worden aan betalingen: 2
20190605 11:23:10;betaalperiode;mwage;Lidnr die toegevoegd zou worden aan betalingen: 3
20190605 11:23:10;betaalperiode;mwage;Lidnr die toegevoegd zou worden aan betalingen: 7
20190605 11:23:10;betaalperiode;mwage;Lidnr die toegevoegd zou worden aan betalingen: 9
20190605 11:23:14;index;mwage;Query: SELECT * FROM leden WHERE geenContributie = '0' AND uitschrijfdatum IS NULL ORDER BY achternaam;
20190605 11:24:09;leden;mwage;Waarde van uitschrijfdatum : *2018-12-01*
20190605 11:24:09;leden;mwage;UPDQUERY UPDATE-query: UPDATE leden SET 
	        voornaam = 'Thomas',
		    tussenvoegsel = 'van',
		    achternaam = 'Son',
            adres = 'Heinsiusstraat 23',
            postcode = '4105 DV',
            woonplaats = 'Culemborg',
            telefoonnummer = '0615505235',
            emailadres = 'thomasvanson@hotmail.nl',
            abonnementID = 1,inschrijfdatum = '2018-08-01',uitschrijfdatum = '2018-12-01',geencontributie = '0', sleutel = '0' WHERE ID = 9
20190605 11:24:09;index;mwage;Query: SELECT * FROM leden WHERE geenContributie = '0' AND uitschrijfdatum IS NULL ORDER BY achternaam;
20190605 11:24:21;leden;mwage;Waarde van uitschrijfdatum : **
20190605 11:24:21;leden;mwage;UPDQUERY UPDATE-query: UPDATE leden SET 
	        voornaam = 'Mark',
		    tussenvoegsel = '',
		    achternaam = 'Wage',
            adres = 'Christinalaan 36',
            postcode = '4112 KW',
            woonplaats = 'Beusichem',
            telefoonnummer = '0613017783',
            emailadres = 'mark.wage@hotmail.com',
            abonnementID = 1,inschrijfdatum = '2019-05-01',uitschrijfdatum = NULL,geencontributie = '1', sleutel = '0' WHERE ID = 1
20190605 11:24:21;index;mwage;Query: SELECT * FROM leden WHERE geenContributie = '0' AND uitschrijfdatum IS NULL ORDER BY achternaam;
20190605 11:24:36;betaalperiode;mwage;BTNSAVE Op save gedrukt om gewijzigd record op te slaan
20190605 11:24:36;betaalperiode;mwage;UPDQUERY INSERT-query: INSERT INTO betaalperiode (betaalperiode)
			VALUES ('201906')
20190605 11:24:36;betaalperiode;mwage;Lidnr die toegevoegd zou worden aan betalingen: 2
20190605 11:24:36;betaalperiode;mwage;Lidnr die toegevoegd zou worden aan betalingen: 3
20190605 11:24:36;betaalperiode;mwage;Lidnr die toegevoegd zou worden aan betalingen: 7
20190605 11:54:11;betaalperiode;mwage;BTNSAVE Op save gedrukt om gewijzigd record op te slaan
20190605 11:54:11;betaalperiode;mwage;UPDQUERY INSERT-query: INSERT INTO betaalperiode (betaalperiode)
			VALUES ('201906')
20190605 11:54:11;betaalperiode;mwage;Lidnr die toegevoegd zou worden aan betalingen: 2
20190605 11:54:11;betaalperiode;mwage;Lidnr die toegevoegd zou worden aan betalingen: 3
20190605 11:54:11;betaalperiode;mwage;Lidnr die toegevoegd zou worden aan betalingen: 7
20190605 11:55:45;betaalperiode;mwage;BTNSAVE Op save gedrukt om gewijzigd record op te slaan
20190605 11:55:45;betaalperiode;mwage;UPDQUERY INSERT-query: INSERT INTO betaalperiode (betaalperiode)
			VALUES ('201906')
20190605 11:55:45;betaalperiode;mwage;Lidnr die toegevoegd zou worden aan betalingen: 2
20190605 11:55:45;betaalperiode;mwage;Lidnr die toegevoegd zou worden aan betalingen: 3
20190605 11:55:45;betaalperiode;mwage;Lidnr die toegevoegd zou worden aan betalingen: 7
20190605 12:33:29;betaalperiode;mwage;BTNSAVE Op save gedrukt om gewijzigd record op te slaan
20190605 12:33:29;betaalperiode;mwage;UPDQUERY INSERT-query: INSERT INTO betaalperiode (betaalperiode)
			VALUES ('201906')
20190605 12:33:29;betaalperiode;mwage;betaalperiodeID: 11
20190605 12:33:29;betaalperiode;mwage;Lidnr die toegevoegd zou worden aan betalingen: 2
20190605 12:33:29;betaalperiode;mwage;Lidnr die toegevoegd zou worden aan betalingen: 3
20190605 12:33:29;betaalperiode;mwage;Lidnr die toegevoegd zou worden aan betalingen: 7
20190607 15:55:10;login;mwage;User mwage is succesvol ingelogd.
20190607 15:55:24;betaalperiode;mwage;BTNSAVE Op save gedrukt om gewijzigd record op te slaan
20190607 15:55:24;betaalperiode;mwage;UPDQUERY INSERT-query: INSERT INTO betaalperiode (betaalperiode)
			VALUES ('201906')
20190607 15:55:24;betaalperiode;mwage;Insert betaling voor betaalperiodeID: 12
20190607 15:55:24;betaalperiode;mwage;Lidnr die toegevoegd zou worden aan betalingen: , betaalperiodeID 12 contributiebedrag 
20190607 15:55:24;betaalperiode;mwage;Lidnr die toegevoegd zou worden aan betalingen: , betaalperiodeID 12 contributiebedrag 
20190607 15:55:24;betaalperiode;mwage;Lidnr die toegevoegd zou worden aan betalingen: , betaalperiodeID 12 contributiebedrag 
20190607 16:00:07;betaalperiode;mwage;BTNSAVE Op save gedrukt om gewijzigd record op te slaan
20190607 16:00:07;betaalperiode;mwage;UPDQUERY INSERT-query: INSERT INTO betaalperiode (betaalperiode)
			VALUES ('201906')
20190607 16:00:07;betaalperiode;mwage;Insert betaling voor betaalperiodeID: 13
20190607 16:00:07;betaalperiode;mwage;Lidnr die toegevoegd zou worden aan betalingen: 2, betaalperiodeID 13 contributiebedrag 23.00
20190607 16:00:07;betaalperiode;mwage;Lidnr die toegevoegd zou worden aan betalingen: 3, betaalperiodeID 13 contributiebedrag 23.00
20190607 16:00:07;betaalperiode;mwage;Lidnr die toegevoegd zou worden aan betalingen: 7, betaalperiodeID 13 contributiebedrag 16.00
20190607 16:10:57;betaalperiode;mwage;BTNSAVE Op save gedrukt om gewijzigd record op te slaan
20190607 16:10:57;betaalperiode;mwage;UPDQUERY INSERT-query: INSERT INTO betaalperiode (betaalperiode)
			VALUES ('201906')
20190607 16:10:57;betaalperiode;mwage;Insert betaling voor betaalperiodeID: 14
20190607 16:10:57;betaalperiode;mwage;Lidnr die toegevoegd zou worden aan betalingen: 2, betaalperiodeID 14 contributiebedrag 23.00
20190607 16:10:57;betaalperiode;mwage;INSERT-query betalingen: INSERT INTO betalingen (ledenID, betaalperiodeID, contributiebedrag) 
                    VALUES ('2',
                            '14',
                            '23.00')
20190607 16:10:57;betaalperiode;mwage;Lidnr die toegevoegd zou worden aan betalingen: 3, betaalperiodeID 14 contributiebedrag 23.00
20190607 16:10:57;betaalperiode;mwage;INSERT-query betalingen: INSERT INTO betalingen (ledenID, betaalperiodeID, contributiebedrag) 
                    VALUES ('3',
                            '14',
                            '23.00')
20190607 16:10:57;betaalperiode;mwage;Lidnr die toegevoegd zou worden aan betalingen: 7, betaalperiodeID 14 contributiebedrag 16.00
20190607 16:10:57;betaalperiode;mwage;INSERT-query betalingen: INSERT INTO betalingen (ledenID, betaalperiodeID, contributiebedrag) 
                    VALUES ('7',
                            '14',
                            '16.00')
20190607 18:52:53;login;mwage;User mwage is succesvol ingelogd.
20190607 18:56:20;index;mwage;Query: SELECT * FROM leden WHERE sleutel = '1' ORDER BY achternaam;
20190607 18:56:24;index;mwage;Query: SELECT * FROM leden WHERE geenContributie = '0' AND uitschrijfdatum IS NULL ORDER BY achternaam;